<?xml version="1.0" encoding="utf-8"?><testsuites><testsuite name="pytest" errors="0" failures="0" skipped="0" tests="29" time="2.413" timestamp="2023-05-28T15:55:08.467983" hostname="lenovo"><testcase classname="test.test_command_line" name="test_where_am_i" file="test\test_command_line.py" line="35" time="0.003" /><testcase classname="test.test_command_line" name="test_self_version" file="test\test_command_line.py" line="47" time="0.744" /><testcase classname="test.test_command_line" name="test_self_help" file="test\test_command_line.py" line="58" time="0.712" /><testcase classname="test.test_damanged_versions" name="test_various" file="test\test_damanged_versions.py" line="6" time="0.020" /><testcase classname="test.test_find_version" name="test_find_version_by_package" file="test\test_find_version.py" line="25" time="0.035" /><testcase classname="test.test_jiggle_class" name="test_empty_projects" file="test\test_jiggle_class.py" line="29" time="0.005" /><testcase classname="test.test_jiggle_class" name="test_new_probs" file="test\test_jiggle_class.py" line="45" time="0.007" /><testcase classname="test.test_jiggle_class" name="test_old_probs" file="test\test_jiggle_class.py" line="61" time="0.010" /><testcase classname="test.test_jiggle_class" name="test_no_files" file="test\test_jiggle_class.py" line="76" time="0.027" /><testcase classname="test.test_main" name="test_print_versions" file="test\test_main.py" line="20" time="0.001" /><testcase classname="test.test_main" name="test_process_docopts_fake_it" file="test\test_main.py" line="33" time="0.019" /><testcase classname="test.test_main" name="test_entry_point" file="test\test_main.py" line="56" time="0.018" /><testcase classname="test.test_parse_dunder_version" name="test_comments" file="test\test_parse_dunder_version.py" line="9" time="0.001" /><testcase classname="test.test_parse_dunder_version" name="test_post_comma" file="test\test_parse_dunder_version.py" line="15" time="0.002" /><testcase classname="test.test_parse_dunder_version" name="test_simplify_pre_comma" file="test\test_parse_dunder_version.py" line="21" time="0.002" /><testcase classname="test.test_parse_dunder_version" name="test_simplify_both_comma" file="test\test_parse_dunder_version.py" line="27" time="0.001" /><testcase classname="test.test_parse_dunder_version" name="test_regression_scenarios_current" file="test\test_parse_dunder_version.py" line="33" time="0.001" /><testcase classname="test.test_parse_dunder_version" name="test_regression_scenarios_old" file="test\test_parse_dunder_version.py" line="44" time="0.001" /><testcase classname="test.test_parse_dunder_version" name="test_common_scenarios" file="test\test_parse_dunder_version.py" line="68" time="0.001" /><testcase classname="test.test_parse_dunder_version" name="test_that_is_a_tuple" file="test\test_parse_dunder_version.py" line="94" time="0.001" /><testcase classname="test.test_parse_dunder_version" name="test_that_is_a_int_or_float_b" file="test\test_parse_dunder_version.py" line="109" time="0.002" /><testcase classname="test.test_parse_kwarg_version" name="test_regression_scenarios" file="test\test_parse_kwarg_version.py" line="13" time="0.001" /><testcase classname="test.test_parse_kwarg_version" name="test_common_scenarios" file="test\test_parse_kwarg_version.py" line="29" time="0.001" /><testcase classname="test.test_parse_kwarg_version" name="test_that_is_a_tuple" file="test\test_parse_kwarg_version.py" line="55" time="0.001" /><testcase classname="test.test_parse_kwarg_version" name="test_that_is_a_int_or_float_a" file="test\test_parse_kwarg_version.py" line="70" time="0.001" /><testcase classname="test.test_pep440" name="test_pep440" file="test\test_pep440.py" line="3" time="0.004" /><testcase classname="test.test_version_schemes" name="test_four_part" file="test\test_version_schemes.py" line="10" time="0.002" /><testcase classname="test.test_version_schemes" name="test_four_part_again" file="test\test_version_schemes.py" line="22" time="0.002" /><testcase classname="test.test_x_package_finder" name="test_find_package_dir" file="test\test_x_package_finder.py" line="26" time="0.002" /></testsuite></testsuites>